
Showing logs for build [32mcb-kubecd-environment-pr-1429-6-ng84x-1[0m stage [32mfrom-build-pack[0m and container [32mstep-credential-initializer-6rc4c[0m
{"level":"info","ts":1587475915.6866245,"logger":"fallback-logger","caller":"logging/config.go:69","msg":"Fetch GitHub commit ID from kodata failed: open /var/run/ko/refs/heads/0.8.0-ns-support: no such file or directory"}
{"level":"info","ts":1587475915.6931007,"logger":"fallback-logger","caller":"creds-init/main.go:40","msg":"Credentials initialized."}

Showing logs for build [32mcb-kubecd-environment-pr-1429-6-ng84x-1[0m stage [32mfrom-build-pack[0m and container [32mstep-working-dir-initializer-lvlbs[0m
{"level":"info","ts":1587475917.879694,"logger":"fallback-logger","caller":"logging/config.go:69","msg":"Fetch GitHub commit ID from kodata failed: open /var/run/ko/HEAD: no such file or directory"}
{"level":"info","ts":1587475917.8901088,"logger":"fallback-logger","caller":"bash/main.go:64","msg":"Successfully executed command \"sh -c mkdir -p /workspace/source\"; output "}

Showing logs for build [32mcb-kubecd-environment-pr-1429-6-ng84x-1[0m stage [32mfrom-build-pack[0m and container [32mstep-place-tools[0m

Showing logs for build [32mcb-kubecd-environment-pr-1429-6-ng84x-1[0m stage [32mfrom-build-pack[0m and container [32mstep-git-source-cb-kubecd-environment-pr-1429-6-ng84x-794cf[0m
{"level":"info","ts":1587475924.0356414,"logger":"fallback-logger","caller":"logging/config.go:69","msg":"Fetch GitHub commit ID from kodata failed: open /var/run/ko/refs/heads/0.8.0-ns-support: no such file or directory"}
{"level":"info","ts":1587475925.0830321,"logger":"fallback-logger","caller":"git/git.go:103","msg":"Successfully cloned https://github.com/cb-kubecd/environment-pr-1429-6-bdd-frontend-staging.git @ master in path /workspace/source"}

Showing logs for build [32mcb-kubecd-environment-pr-1429-6-ng84x-1[0m stage [32mfrom-build-pack[0m and container [32mstep-git-merge[0m
Using SHAs from PULL_REFS=master:edca3d627d59fba09d75946a5b3e20a5ca894cdb,1:f95ad14c4148e9cb08c60499e9150b2178fd57ee
DEBUG: LC_ALL=C JX_LOG_LEVEL=error git fetch origin --unshallow f95ad14c4148e9cb08c60499e9150b2178fd57ee: edca3d627d59fba09d75946a5b3e20a5ca894cdb:
DEBUG: ran git fetch --unshallow origin f95ad14c4148e9cb08c60499e9150b2178fd57ee: edca3d627d59fba09d75946a5b3e20a5ca894cdb: in 
DEBUG: JX_LOG_LEVEL=error LC_ALL=C git branch
DEBUG: LC_ALL=C JX_LOG_LEVEL=error git checkout master
DEBUG: ran git checkout master in 
DEBUG: LC_ALL=C JX_LOG_LEVEL=error git reset --hard edca3d627d59fba09d75946a5b3e20a5ca894cdb
DEBUG: ran git reset --hard edca3d627d59fba09d75946a5b3e20a5ca894cdb in 
DEBUG: LC_ALL=C JX_LOG_LEVEL=error git clean -fd .
DEBUG: ran clean --force -d . in 
DEBUG: LC_ALL=C JX_LOG_LEVEL=error git merge f95ad14c4148e9cb08c60499e9150b2178fd57ee
DEBUG: ran git merge f95ad14c4148e9cb08c60499e9150b2178fd57ee in 
DEBUG: LC_ALL=C JX_LOG_LEVEL=error git log --format=%H%x1f%an%x1f%ae%x1f%cn%x1f%ce%x1f%s%n%b%x1e edca3d627d59fba09d75946a5b3e20a5ca894cdb..HEAD
Merged SHA f95ad14c4148e9cb08c60499e9150b2178fd57ee with commit message 'chore: Promote bdd-nh-1587474925 to version 0.0.1' into base branch master

Showing logs for build [32mcb-kubecd-environment-pr-1429-6-ng84x-1[0m stage [32mfrom-build-pack[0m and container [32mstep-build-helm-build[0m
WARNING: No $CHART_REPOSITORY defined so using the default value of: http://jenkins-x-chartmuseum:8080
Adding missing Helm repo: storage.googleapis.com https://storage.googleapis.com/chartmuseum.jenkins-x.io
WARNING: No secrets found on "helm/repos" due: reading the secret "helm/repos" from vault: no secret "helm/repos" not found in vault
Read credentials for https://storage.googleapis.com/chartmuseum.jenkins-x.io from vault helm/repos
Successfully added Helm repository storage.googleapis.com.
Adding missing Helm repo: jenkins-x-chartmuseum http://jenkins-x-chartmuseum:8080
WARNING: No secrets found on "helm/repos" due: reading the secret "helm/repos" from vault: no secret "helm/repos" not found in vault
Read credentials for http://jenkins-x-chartmuseum:8080 from vault helm/repos
Successfully added Helm repository jenkins-x-chartmuseum.
WARNING: No $CHART_REPOSITORY defined so using the default value of: http://jenkins-x-chartmuseum:8080
Adding missing Helm repo: chartmuseum.jenkins-x.io http://chartmuseum.jenkins-x.io
WARNING: No secrets found on "helm/repos" due: reading the secret "helm/repos" from vault: no secret "helm/repos" not found in vault
Read credentials for http://chartmuseum.jenkins-x.io from vault helm/repos
Successfully added Helm repository chartmuseum.jenkins-x.io.
